# JRE version: Java(TM) SE Runtime Environment (8.0_92-b14) (build 1.8.0_92-b14)
# Java VM: Java HotSpot(TM) 64-Bit Server VM (25.92-b14 mixed mode windows-amd64 compressed oops)
Heap:
 PSYoungGen      total 312320K, used 161999K [0x00000000eab00000, 0x0000000100000000, 0x0000000100000000)
  eden space 286720K, 47% used [0x00000000eab00000,0x00000000f303ad40,0x00000000fc300000)
  from space 25600K, 99% used [0x00000000fe400000,0x00000000ffcf91e0,0x00000000ffd00000)
  to   space 31232K, 0% used [0x00000000fc300000,0x00000000fc300000,0x00000000fe180000)
 ParOldGen       total 119808K, used 51155K [0x00000000c0000000, 0x00000000c7500000, 0x00000000eab00000)
  object space 119808K, 42% used [0x00000000c0000000,0x00000000c31f4c68,0x00000000c7500000)
 Metaspace       used 69689K, capacity 74534K, committed 76416K, reserved 1116160K
  class space    used 8957K, capacity 9531K, committed 10112K, reserved 1048576K
GC Heap History (10 events):
Event: 18648.777 GC heap before
{Heap before GC invocations=41 (full 10):
 PSYoungGen      total 322048K, used 307288K [0x00000000eab00000, 0x0000000100000000, 0x0000000100000000)
  eden space 293888K, 100% used [0x00000000eab00000,0x00000000fca00000,0x00000000fca00000)
  from space 28160K, 47% used [0x00000000fe480000,0x00000000ff196098,0x0000000100000000)
  to   space 27136K, 0% used [0x00000000fca00000,0x00000000fca00000,0x00000000fe480000)
 ParOldGen       total 119808K, used 63270K [0x00000000c0000000, 0x00000000c7500000, 0x00000000eab00000)
  object space 119808K, 52% used [0x00000000c0000000,0x00000000c3dc9aa0,0x00000000c7500000)
 Metaspace       used 70528K, capacity 75998K, committed 76160K, reserved 1116160K
  class space    used 9211K, capacity 9985K, committed 10112K, reserved 1048576K
Event: 18648.866 GC heap after
Heap after GC invocations=41 (full 10):
 PSYoungGen      total 300032K, used 18375K [0x00000000eab00000, 0x00000000ff500000, 0x0000000100000000)
  eden space 281600K, 0% used [0x00000000eab00000,0x00000000eab00000,0x00000000fbe00000)
  from space 18432K, 99% used [0x00000000fca00000,0x00000000fdbf1ec0,0x00000000fdc00000)
  to   space 25600K, 0% used [0x00000000fdc00000,0x00000000fdc00000,0x00000000ff500000)
 ParOldGen       total 119808K, used 63270K [0x00000000c0000000, 0x00000000c7500000, 0x00000000eab00000)
  object space 119808K, 52% used [0x00000000c0000000,0x00000000c3dc9aa0,0x00000000c7500000)
 Metaspace       used 70528K, capacity 75998K, committed 76160K, reserved 1116160K
  class space    used 9211K, capacity 9985K, committed 10112K, reserved 1048576K
}
Event: 18654.692 GC heap before
{Heap before GC invocations=42 (full 10):
 PSYoungGen      total 300032K, used 125472K [0x00000000eab00000, 0x00000000ff500000, 0x0000000100000000)
  eden space 281600K, 38% used [0x00000000eab00000,0x00000000f13961c8,0x00000000fbe00000)
  from space 18432K, 99% used [0x00000000fca00000,0x00000000fdbf1ec0,0x00000000fdc00000)
  to   space 25600K, 0% used [0x00000000fdc00000,0x00000000fdc00000,0x00000000ff500000)
 ParOldGen       total 119808K, used 63270K [0x00000000c0000000, 0x00000000c7500000, 0x00000000eab00000)
  object space 119808K, 52% used [0x00000000c0000000,0x00000000c3dc9aa0,0x00000000c7500000)
 Metaspace       used 70742K, capacity 76260K, committed 76416K, reserved 1116160K
  class space    used 9212K, capacity 9986K, committed 10112K, reserved 1048576K
Event: 18654.724 GC heap after
Heap after GC invocations=42 (full 10):
 PSYoungGen      total 304128K, used 12351K [0x00000000eab00000, 0x00000000ff200000, 0x0000000100000000)
  eden space 281600K, 0% used [0x00000000eab00000,0x00000000eab00000,0x00000000fbe00000)
  from space 22528K, 54% used [0x00000000fdc00000,0x00000000fe80ff50,0x00000000ff200000)
  to   space 26624K, 0% used [0x00000000fbe00000,0x00000000fbe00000,0x00000000fd800000)
 ParOldGen       total 119808K, used 63278K [0x00000000c0000000, 0x00000000c7500000, 0x00000000eab00000)
  object space 119808K, 52% used [0x00000000c0000000,0x00000000c3dcbaa0,0x00000000c7500000)
 Metaspace       used 70742K, capacity 76260K, committed 76416K, reserved 1116160K
  class space    used 9212K, capacity 9986K, committed 10112K, reserved 1048576K
}
Event: 18654.724 GC heap before
{Heap before GC invocations=43 (full 11):
 PSYoungGen      total 304128K, used 12351K [0x00000000eab00000, 0x00000000ff200000, 0x0000000100000000)
  eden space 281600K, 0% used [0x00000000eab00000,0x00000000eab00000,0x00000000fbe00000)
  from space 22528K, 54% used [0x00000000fdc00000,0x00000000fe80ff50,0x00000000ff200000)
  to   space 26624K, 0% used [0x00000000fbe00000,0x00000000fbe00000,0x00000000fd800000)
 ParOldGen       total 119808K, used 63278K [0x00000000c0000000, 0x00000000c7500000, 0x00000000eab00000)
  object space 119808K, 52% used [0x00000000c0000000,0x00000000c3dcbaa0,0x00000000c7500000)
 Metaspace       used 70742K, capacity 76260K, committed 76416K, reserved 1116160K
  class space    used 9212K, capacity 9986K, committed 10112K, reserved 1048576K
Event: 18655.227 GC heap after
Heap after GC invocations=43 (full 11):
 PSYoungGen      total 304128K, used 0K [0x00000000eab00000, 0x00000000ff200000, 0x0000000100000000)
  eden space 281600K, 0% used [0x00000000eab00000,0x00000000eab00000,0x00000000fbe00000)
  from space 22528K, 0% used [0x00000000fdc00000,0x00000000fdc00000,0x00000000ff200000)
  to   space 26624K, 0% used [0x00000000fbe00000,0x00000000fbe00000,0x00000000fd800000)
 ParOldGen       total 119808K, used 45928K [0x00000000c0000000, 0x00000000c7500000, 0x00000000eab00000)
  object space 119808K, 38% used [0x00000000c0000000,0x00000000c2cda240,0x00000000c7500000)
 Metaspace       used 69036K, capacity 73466K, committed 76416K, reserved 1116160K
  class space    used 8844K, capacity 9365K, committed 10112K, reserved 1048576K
}
Event: 18683.625 GC heap before
{Heap before GC invocations=44 (full 11):
 PSYoungGen      total 304128K, used 281600K [0x00000000eab00000, 0x00000000ff200000, 0x0000000100000000)
  eden space 281600K, 100% used [0x00000000eab00000,0x00000000fbe00000,0x00000000fbe00000)
  from space 22528K, 0% used [0x00000000fdc00000,0x00000000fdc00000,0x00000000ff200000)
  to   space 26624K, 0% used [0x00000000fbe00000,0x00000000fbe00000,0x00000000fd800000)
 ParOldGen       total 119808K, used 45928K [0x00000000c0000000, 0x00000000c7500000, 0x00000000eab00000)
  object space 119808K, 38% used [0x00000000c0000000,0x00000000c2cda240,0x00000000c7500000)
 Metaspace       used 69507K, capacity 74258K, committed 76416K, reserved 1116160K
  class space    used 8932K, capacity 9499K, committed 10112K, reserved 1048576K
Event: 18683.651 GC heap after
Heap after GC invocations=44 (full 11):
 PSYoungGen      total 308224K, used 11139K [0x00000000eab00000, 0x00000000ffd00000, 0x0000000100000000)
  eden space 281600K, 0% used [0x00000000eab00000,0x00000000eab00000,0x00000000fbe00000)
  from space 26624K, 41% used [0x00000000fbe00000,0x00000000fc8e0f40,0x00000000fd800000)
  to   space 25600K, 0% used [0x00000000fe400000,0x00000000fe400000,0x00000000ffd00000)
 ParOldGen       total 119808K, used 45936K [0x00000000c0000000, 0x00000000c7500000, 0x00000000eab00000)
  object space 119808K, 38% used [0x00000000c0000000,0x00000000c2cdc240,0x00000000c7500000)
 Metaspace       used 69507K, capacity 74258K, committed 76416K, reserved 1116160K
  class space    used 8932K, capacity 9499K, committed 10112K, reserved 1048576K
}
Event: 18721.223 GC heap before
{Heap before GC invocations=45 (full 11):
 PSYoungGen      total 308224K, used 292739K [0x00000000eab00000, 0x00000000ffd00000, 0x0000000100000000)
  eden space 281600K, 100% used [0x00000000eab00000,0x00000000fbe00000,0x00000000fbe00000)
  from space 26624K, 41% used [0x00000000fbe00000,0x00000000fc8e0f40,0x00000000fd800000)
  to   space 25600K, 0% used [0x00000000fe400000,0x00000000fe400000,0x00000000ffd00000)
 ParOldGen       total 119808K, used 45936K [0x00000000c0000000, 0x00000000c7500000, 0x00000000eab00000)
  object space 119808K, 38% used [0x00000000c0000000,0x00000000c2cdc240,0x00000000c7500000)
 Metaspace       used 69638K, capacity 74488K, committed 76416K, reserved 1116160K
  class space    used 8953K, capacity 9524K, committed 10112K, reserved 1048576K
Event: 18721.286 GC heap after
Heap after GC invocations=45 (full 11):
 PSYoungGen      total 312320K, used 25572K [0x00000000eab00000, 0x0000000100000000, 0x0000000100000000)
  eden space 286720K, 0% used [0x00000000eab00000,0x00000000eab00000,0x00000000fc300000)
  from space 25600K, 99% used [0x00000000fe400000,0x00000000ffcf91e0,0x00000000ffd00000)
  to   space 31232K, 0% used [0x00000000fc300000,0x00000000fc300000,0x00000000fe180000)
 ParOldGen       total 119808K, used 51155K [0x00000000c0000000, 0x00000000c7500000, 0x00000000eab00000)
  object space 119808K, 42% used [0x00000000c0000000,0x00000000c31f4c68,0x00000000c7500000)
 Metaspace       used 69638K, capacity 74488K, committed 76416K, reserved 1116160K
  class space    used 8953K, capacity 9524K, committed 10112K, reserved 1048576K
}

